<?xml version="1.0" encoding="UTF-8"?>
<testsuite name="com.birdgelab.FindMaxNumberTest" tests="9" skipped="0" failures="0" errors="0" timestamp="2020-01-02T11:31:56" hostname="admin1-Inspiron-3542" time="0.013">
  <properties/>
  <testcase name="givenMaxNum_WhenAtFirstPosition_ShouldRetunMaxNum" classname="com.birdgelab.FindMaxNumberTest" time="0.003"/>
  <testcase name="givenFloatMaxNum_WhenAtFirstPostion_RetunFloatMaxNum_" classname="com.birdgelab.FindMaxNumberTest" time="0.001"/>
  <testcase name="givenFloatMaxNum_WhenAtThirdPostion_RetunFloatMaxNum_" classname="com.birdgelab.FindMaxNumberTest" time="0.0"/>
  <testcase name="givenFloatMaxNum_WhenAtSecondPostion_RetunFloatMaxNum_" classname="com.birdgelab.FindMaxNumberTest" time="0.0"/>
  <testcase name="givenMaxNum_WhenAtSecondPostion_RetunMaxNum_" classname="com.birdgelab.FindMaxNumberTest" time="0.0"/>
  <testcase name="givenStringValue_WhenAtFirstPostion_RetunMaxValuString_" classname="com.birdgelab.FindMaxNumberTest" time="0.0"/>
  <testcase name="givenStringValue_WhenAtSecondPostion_RetunMaxValuString_" classname="com.birdgelab.FindMaxNumberTest" time="0.0"/>
  <testcase name="givenMaxNum_WhenAtThirdPostion_RetunMaxNum_" classname="com.birdgelab.FindMaxNumberTest" time="0.001"/>
  <testcase name="givenStringValue_WhenAtThirdPostion_RetunMaxValuString_" classname="com.birdgelab.FindMaxNumberTest" time="0.001"/>
  <system-out><![CDATA[]]></system-out>
  <system-err><![CDATA[]]></system-err>
</testsuite>
