<?xml version="1.0" encoding="UTF-8"?>
<testsuite name="com.birdgelab.FindMaxNumberTest" tests="1" skipped="0" failures="0" errors="0" timestamp="2020-01-02T10:32:17" hostname="admin1-Inspiron-3542" time="0.002">
  <properties/>
  <testcase name="givenThreeNum_ShouldRetunMaxNum" classname="com.birdgelab.FindMaxNumberTest" time="0.002"/>
  <system-out><![CDATA[]]></system-out>
  <system-err><![CDATA[]]></system-err>
</testsuite>
