<?xml version="1.0" encoding="UTF-8"?>
<testsuite name="com.birdgelab.FindMaxNumberTest" tests="1" skipped="0" failures="0" errors="0" timestamp="2020-01-02T11:16:17" hostname="admin1-Inspiron-3542" time="0.003">
  <properties/>
  <testcase name="givenFloatMaxNum_WhenAtFirstPostion_RetunFloatMaxNum_" classname="com.birdgelab.FindMaxNumberTest" time="0.003"/>
  <system-out><![CDATA[]]></system-out>
  <system-err><![CDATA[]]></system-err>
</testsuite>
